<?xml version="1.0" encoding="UTF-8" standalone="no"?>
<!DOCTYPE log SYSTEM "logger.dtd">
<log>
<record>
  <date>2019-06-12T22:11:39</date>
  <millis>1560391899032</millis>
  <sequence>0</sequence>
  <logger>com.northeastern.edu.client.RPCClient</logger>
  <level>INFO</level>
  <class>com.northeastern.edu.client.RPCClient</class>
  <method>main</method>
  <thread>1</thread>
  <message>Client pre-processing complete.</message>
</record>
<record>
  <date>2019-06-12T22:11:53</date>
  <millis>1560391913236</millis>
  <sequence>1</sequence>
  <logger>com.northeastern.edu.client.RPCClient</logger>
  <level>WARNING</level>
  <class>com.northeastern.edu.client.RPCClient</class>
  <method>perform</method>
  <thread>1</thread>
  <message>Error while saving keys to the server: java.net.SocketException: Connection reset</message>
</record>
<record>
  <date>2019-06-12T22:11:53</date>
  <millis>1560391913237</millis>
  <sequence>2</sequence>
  <logger>com.northeastern.edu.client.RPCClient</logger>
  <level>INFO</level>
  <class>com.northeastern.edu.client.RPCClient</class>
  <method>main</method>
  <thread>1</thread>
  <message>Connection closed with server</message>
</record>
</log>
