<?xml version="1.0" encoding="UTF-8" standalone="no"?>
<!DOCTYPE log SYSTEM "logger.dtd">
<log>
<record>
  <date>2019-05-23T19:58:04</date>
  <millis>1558655884982</millis>
  <sequence>0</sequence>
  <logger>main.java.com.northeastern.client.Client_TCP</logger>
  <level>INFO</level>
  <class>main.java.com.northeastern.client.Client_TCP</class>
  <method>createSocket</method>
  <thread>1</thread>
  <message>TCP Client socket created successfully for the server address: 127.0.0.1 and portNumber: 10001</message>
</record>
<record>
  <date>2019-05-23T19:58:08</date>
  <millis>1558655888161</millis>
  <sequence>1</sequence>
  <logger>main.java.com.northeastern.client.Client_TCP</logger>
  <level>INFO</level>
  <class>main.java.com.northeastern.client.Client_TCP</class>
  <method>validateSuccessResponse</method>
  <thread>1</thread>
  <message>PUT operation successful</message>
</record>
<record>
  <date>2019-05-23T20:01:23</date>
  <millis>1558656083980</millis>
  <sequence>3</sequence>
  <logger>main.java.com.northeastern.client.Client_TCP</logger>
  <level>WARNING</level>
  <class>main.java.com.northeastern.client.Client_TCP</class>
  <method>receiveOptionAndExecute</method>
  <thread>1</thread>
  <message>Error reading integer: null</message>
</record>
<record>
  <date>2019-05-23T20:01:23</date>
  <millis>1558656083980</millis>
  <sequence>4</sequence>
  <logger>main.java.com.northeastern.client.Client_TCP</logger>
  <level>WARNING</level>
  <class>main.java.com.northeastern.client.Client_TCP</class>
  <method>receiveOptionAndExecute</method>
  <thread>1</thread>
  <message>Invalid Option: 0entered.</message>
</record>
<record>
  <date>2019-05-23T20:01:23</date>
  <millis>1558656083981</millis>
  <sequence>5</sequence>
  <logger>main.java.com.northeastern.client.Client_TCP</logger>
  <level>WARNING</level>
  <class>main.java.com.northeastern.client.Client_TCP</class>
  <method>receiveOptionAndExecute</method>
  <thread>1</thread>
  <message>Error reading integer: null</message>
</record>
<record>
  <date>2019-05-23T20:01:23</date>
  <millis>1558656083981</millis>
  <sequence>6</sequence>
  <logger>main.java.com.northeastern.client.Client_TCP</logger>
  <level>WARNING</level>
  <class>main.java.com.northeastern.client.Client_TCP</class>
  <method>receiveOptionAndExecute</method>
  <thread>1</thread>
  <message>Invalid Option: 0entered.</message>
</record>
<record>
  <date>2019-05-23T20:01:23</date>
  <millis>1558656083982</millis>
  <sequence>7</sequence>
  <logger>main.java.com.northeastern.client.Client_TCP</logger>
  <level>WARNING</level>
  <class>main.java.com.northeastern.client.Client_TCP</class>
  <method>receiveOptionAndExecute</method>
  <thread>1</thread>
  <message>Error reading integer: null</message>
</record>
<record>
  <date>2019-05-23T20:01:23</date>
  <millis>1558656083982</millis>
  <sequence>8</sequence>
  <logger>main.java.com.northeastern.client.Client_TCP</logger>
  <level>WARNING</level>
  <class>main.java.com.northeastern.client.Client_TCP</class>
  <method>receiveOptionAndExecute</method>
  <thread>1</thread>
  <message>Invalid Option: 0entered.</message>
</record>
<record>
  <date>2019-05-23T20:01:23</date>
  <millis>1558656083983</millis>
  <sequence>9</sequence>
  <logger>main.java.com.northeastern.client.Client_TCP</logger>
  <level>WARNING</level>
  <class>main.java.com.northeastern.client.Client_TCP</class>
  <method>receiveOptionAndExecute</method>
  <thread>1</thread>
  <message>Error reading integer: null</message>
</record>
<record>
  <date>2019-05-23T20:01:23</date>
  <millis>1558656083983</millis>
  <sequence>10</sequence>
  <logger>main.java.com.northeastern.client.Client_TCP</logger>
  <level>WARNING</level>
  <class>main.java.com.northeastern.client.Client_TCP</class>
  <method>receiveOptionAndExecute</method>
  <thread>1</thread>
  <message>Invalid Option: 0entered.</message>
</record>
<record>
  <date>2019-05-23T20:01:23</date>
  <millis>1558656083984</millis>
  <sequence>11</sequence>
  <logger>main.java.com.northeastern.client.Client_TCP</logger>
  <level>WARNING</level>
  <class>main.java.com.northeastern.client.Client_TCP</class>
  <method>receiveOptionAndExecute</method>
  <thread>1</thread>
  <message>Error reading integer: null</message>
</record>
<record>
  <date>2019-05-23T20:01:23</date>
  <millis>1558656083984</millis>
  <sequence>12</sequence>
  <logger>main.java.com.northeastern.client.Client_TCP</logger>
  <level>WARNING</level>
  <class>main.java.com.northeastern.client.Client_TCP</class>
  <method>receiveOptionAndExecute</method>
  <thread>1</thread>
  <message>Invalid Option: 0entered.</message>
</record>
<record>
  <date>2019-05-23T20:01:23</date>
  <millis>1558656083984</millis>
  <sequence>13</sequence>
  <logger>main.java.com.northeastern.client.Client_TCP</logger>
  <level>WARNING</level>
  <class>main.java.com.northeastern.client.Client_TCP</class>
  <method>receiveOptionAndExecute</method>
  <thread>1</thread>
  <message>Error reading integer: null</message>
</record>
<record>
  <date>2019-05-23T20:01:23</date>
  <millis>1558656083985</millis>
  <sequence>14</sequence>
  <logger>main.java.com.northeastern.client.Client_TCP</logger>
  <level>WARNING</level>
  <class>main.java.com.northeastern.client.Client_TCP</class>
  <method>receiveOptionAndExecute</method>
  <thread>1</thread>
  <message>Invalid Option: 0entered.</message>
</record>
<record>
  <date>2019-05-23T20:01:23</date>
  <millis>1558656083985</millis>
  <sequence>15</sequence>
  <logger>main.java.com.northeastern.client.Client_TCP</logger>
  <level>WARNING</level>
  <class>main.java.com.northeastern.client.Client_TCP</class>
  <method>receiveOptionAndExecute</method>
  <thread>1</thread>
  <message>Error reading integer: null</message>
</record>
<record>
  <date>2019-05-23T20:01:23</date>
  <millis>1558656083986</millis>
  <sequence>16</sequence>
  <logger>main.java.com.northeastern.client.Client_TCP</logger>
  <level>WARNING</level>
  <class>main.java.com.northeastern.client.Client_TCP</class>
  <method>receiveOptionAndExecute</method>
  <thread>1</thread>
  <message>Invalid Option: 0entered.</message>
</record>
<record>
  <date>2019-05-23T20:01:23</date>
  <millis>1558656083986</millis>
  <sequence>17</sequence>
  <logger>main.java.com.northeastern.client.Client_TCP</logger>
  <level>WARNING</level>
  <class>main.java.com.northeastern.client.Client_TCP</class>
  <method>receiveOptionAndExecute</method>
  <thread>1</thread>
  <message>Error reading integer: null</message>
</record>
<record>
  <date>2019-05-23T20:01:23</date>
  <millis>1558656083986</millis>
  <sequence>18</sequence>
  <logger>main.java.com.northeastern.client.Client_TCP</logger>
  <level>WARNING</level>
  <class>main.java.com.northeastern.client.Client_TCP</class>
  <method>receiveOptionAndExecute</method>
  <thread>1</thread>
  <message>Invalid Option: 0entered.</message>
</record>
<record>
  <date>2019-05-23T20:01:23</date>
  <millis>1558656083987</millis>
  <sequence>19</sequence>
  <logger>main.java.com.northeastern.client.Client_TCP</logger>
  <level>WARNING</level>
  <class>main.java.com.northeastern.client.Client_TCP</class>
  <method>receiveOptionAndExecute</method>
  <thread>1</thread>
  <message>Error reading integer: null</message>
</record>
<record>
  <date>2019-05-23T20:01:23</date>
  <millis>1558656083987</millis>
  <sequence>20</sequence>
  <logger>main.java.com.northeastern.client.Client_TCP</logger>
  <level>WARNING</level>
  <class>main.java.com.northeastern.client.Client_TCP</class>
  <method>receiveOptionAndExecute</method>
  <thread>1</thread>
  <message>Invalid Option: 0entered.</message>
</record>
<record>
  <date>2019-05-23T20:01:23</date>
  <millis>1558656083988</millis>
  <sequence>21</sequence>
  <logger>main.java.com.northeastern.client.Client_TCP</logger>
  <level>WARNING</level>
  <class>main.java.com.northeastern.client.Client_TCP</class>
  <method>receiveOptionAndExecute</method>
  <thread>1</thread>
  <message>Error reading integer: null</message>
</record>
<record>
  <date>2019-05-23T20:01:23</date>
  <millis>1558656083988</millis>
  <sequence>22</sequence>
  <logger>main.java.com.northeastern.client.Client_TCP</logger>
  <level>WARNING</level>
  <class>main.java.com.northeastern.client.Client_TCP</class>
  <method>receiveOptionAndExecute</method>
  <thread>1</thread>
  <message>Invalid Option: 0entered.</message>
</record>
<record>
  <date>2019-05-23T20:01:23</date>
  <millis>1558656083989</millis>
  <sequence>23</sequence>
  <logger>main.java.com.northeastern.client.Client_TCP</logger>
  <level>WARNING</level>
  <class>main.java.com.northeastern.client.Client_TCP</class>
  <method>receiveOptionAndExecute</method>
  <thread>1</thread>
  <message>Error reading integer: null</message>
</record>
<record>
  <date>2019-05-23T20:01:23</date>
  <millis>1558656083989</millis>
  <sequence>24</sequence>
  <logger>main.java.com.northeastern.client.Client_TCP</logger>
  <level>WARNING</level>
  <class>main.java.com.northeastern.client.Client_TCP</class>
  <method>receiveOptionAndExecute</method>
  <thread>1</thread>
  <message>Invalid Option: 0entered.</message>
</record>
<record>
  <date>2019-05-23T20:01:23</date>
  <millis>1558656083990</millis>
  <sequence>25</sequence>
  <logger>main.java.com.northeastern.client.Client_TCP</logger>
  <level>WARNING</level>
  <class>main.java.com.northeastern.client.Client_TCP</class>
  <method>receiveOptionAndExecute</method>
  <thread>1</thread>
  <message>Error reading integer: null</message>
</record>
<record>
  <date>2019-05-23T20:01:23</date>
  <millis>1558656083990</millis>
  <sequence>26</sequence>
  <logger>main.java.com.northeastern.client.Client_TCP</logger>
  <level>WARNING</level>
  <class>main.java.com.northeastern.client.Client_TCP</class>
  <method>receiveOptionAndExecute</method>
  <thread>1</thread>
  <message>Invalid Option: 0entered.</message>
</record>
<record>
  <date>2019-05-23T20:01:23</date>
  <millis>1558656083990</millis>
  <sequence>27</sequence>
  <logger>main.java.com.northeastern.client.Client_TCP</logger>
  <level>WARNING</level>
  <class>main.java.com.northeastern.client.Client_TCP</class>
  <method>receiveOptionAndExecute</method>
  <thread>1</thread>
  <message>Error reading integer: null</message>
</record>
<record>
  <date>2019-05-23T20:01:23</date>
  <millis>1558656083990</millis>
  <sequence>28</sequence>
  <logger>main.java.com.northeastern.client.Client_TCP</logger>
  <level>WARNING</level>
  <class>main.java.com.northeastern.client.Client_TCP</class>
  <method>receiveOptionAndExecute</method>
  <thread>1</thread>
  <message>Invalid Option: 0entered.</message>
</record>
<record>
  <date>2019-05-23T20:01:23</date>
  <millis>1558656083991</millis>
  <sequence>29</sequence>
  <logger>main.java.com.northeastern.client.Client_TCP</logger>
  <level>WARNING</level>
  <class>main.java.com.northeastern.client.Client_TCP</class>
  <method>receiveOptionAndExecute</method>
  <thread>1</thread>
  <message>Error reading integer: null</message>
</record>
<record>
  <date>2019-05-23T20:01:23</date>
  <millis>1558656083991</millis>
  <sequence>30</sequence>
  <logger>main.java.com.northeastern.client.Client_TCP</logger>
  <level>WARNING</level>
  <class>main.java.com.northeastern.client.Client_TCP</class>
  <method>receiveOptionAndExecute</method>
  <thread>1</thread>
  <message>Invalid Option: 0entered.</message>
</record>
<record>
  <date>2019-05-23T20:01:23</date>
  <millis>1558656083992</millis>
  <sequence>31</sequence>
  <logger>main.java.com.northeastern.client.Client_TCP</logger>
  <level>WARNING</level>
  <class>main.java.com.northeastern.client.Client_TCP</class>
  <method>receiveOptionAndExecute</method>
  <thread>1</thread>
  <message>Error reading integer: null</message>
</record>
<record>
  <date>2019-05-23T20:01:23</date>
  <millis>1558656083992</millis>
  <sequence>32</sequence>
  <logger>main.java.com.northeastern.client.Client_TCP</logger>
  <level>WARNING</level>
  <class>main.java.com.northeastern.client.Client_TCP</class>
  <method>receiveOptionAndExecute</method>
  <thread>1</thread>
  <message>Invalid Option: 0entered.</message>
</record>
<record>
  <date>2019-05-23T20:01:23</date>
  <millis>1558656083993</millis>
  <sequence>33</sequence>
  <logger>main.java.com.northeastern.client.Client_TCP</logger>
  <level>WARNING</level>
  <class>main.java.com.northeastern.client.Client_TCP</class>
  <method>receiveOptionAndExecute</method>
  <thread>1</thread>
  <message>Error reading integer: null</message>
</record>
<record>
  <date>2019-05-23T20:01:23</date>
  <millis>1558656083993</millis>
  <sequence>34</sequence>
  <logger>main.java.com.northeastern.client.Client_TCP</logger>
  <level>WARNING</level>
  <class>main.java.com.northeastern.client.Client_TCP</class>
  <method>receiveOptionAndExecute</method>
  <thread>1</thread>
  <message>Invalid Option: 0entered.</message>
</record>
<record>
  <date>2019-05-23T20:01:23</date>
  <millis>1558656083994</millis>
  <sequence>35</sequence>
  <logger>main.java.com.northeastern.client.Client_TCP</logger>
  <level>WARNING</level>
  <class>main.java.com.northeastern.client.Client_TCP</class>
  <method>receiveOptionAndExecute</method>
  <thread>1</thread>
  <message>Error reading integer: null</message>
</record>
<record>
  <date>2019-05-23T20:01:23</date>
  <millis>1558656083994</millis>
  <sequence>36</sequence>
  <logger>main.java.com.northeastern.client.Client_TCP</logger>
  <level>WARNING</level>
  <class>main.java.com.northeastern.client.Client_TCP</class>
  <method>receiveOptionAndExecute</method>
  <thread>1</thread>
  <message>Invalid Option: 0entered.</message>
</record>
<record>
  <date>2019-05-23T20:01:23</date>
  <millis>1558656083994</millis>
  <sequence>37</sequence>
  <logger>main.java.com.northeastern.client.Client_TCP</logger>
  <level>WARNING</level>
  <class>main.java.com.northeastern.client.Client_TCP</class>
  <method>receiveOptionAndExecute</method>
  <thread>1</thread>
  <message>Error reading integer: null</message>
</record>
<record>
  <date>2019-05-23T20:01:23</date>
  <millis>1558656083995</millis>
  <sequence>38</sequence>
  <logger>main.java.com.northeastern.client.Client_TCP</logger>
  <level>WARNING</level>
  <class>main.java.com.northeastern.client.Client_TCP</class>
  <method>receiveOptionAndExecute</method>
  <thread>1</thread>
  <message>Invalid Option: 0entered.</message>
</record>
<record>
  <date>2019-05-23T20:01:23</date>
  <millis>1558656083995</millis>
  <sequence>39</sequence>
  <logger>main.java.com.northeastern.client.Client_TCP</logger>
  <level>WARNING</level>
  <class>main.java.com.northeastern.client.Client_TCP</class>
  <method>receiveOptionAndExecute</method>
  <thread>1</thread>
  <message>Error reading integer: null</message>
</record>
<record>
  <date>2019-05-23T20:01:23</date>
  <millis>1558656083995</millis>
  <sequence>40</sequence>
  <logger>main.java.com.northeastern.client.Client_TCP</logger>
  <level>WARNING</level>
  <class>main.java.com.northeastern.client.Client_TCP</class>
  <method>receiveOptionAndExecute</method>
  <thread>1</thread>
  <message>Invalid Option: 0entered.</message>
</record>
<record>
  <date>2019-05-23T20:01:23</date>
  <millis>1558656083996</millis>
  <sequence>41</sequence>
  <logger>main.java.com.northeastern.client.Client_TCP</logger>
  <level>WARNING</level>
  <class>main.java.com.northeastern.client.Client_TCP</class>
  <method>receiveOptionAndExecute</method>
  <thread>1</thread>
  <message>Error reading integer: null</message>
</record>
<record>
  <date>2019-05-23T20:01:23</date>
  <millis>1558656083996</millis>
  <sequence>42</sequence>
  <logger>main.java.com.northeastern.client.Client_TCP</logger>
  <level>WARNING</level>
  <class>main.java.com.northeastern.client.Client_TCP</class>
  <method>receiveOptionAndExecute</method>
  <thread>1</thread>
  <message>Invalid Option: 0entered.</message>
</record>
<record>
  <date>2019-05-23T20:01:23</date>
  <millis>1558656083997</millis>
  <sequence>43</sequence>
  <logger>main.java.com.northeastern.client.Client_TCP</logger>
  <level>WARNING</level>
  <class>main.java.com.northeastern.client.Client_TCP</class>
  <method>receiveOptionAndExecute</method>
  <thread>1</thread>
  <message>Error reading integer: null</message>
</record>
<record>
  <date>2019-05-23T20:01:23</date>
  <millis>1558656083997</millis>
  <sequence>44</sequence>
  <logger>main.java.com.northeastern.client.Client_TCP</logger>
  <level>WARNING</level>
  <class>main.java.com.northeastern.client.Client_TCP</class>
  <method>receiveOptionAndExecute</method>
  <thread>1</thread>
  <message>Invalid Option: 0entered.</message>
</record>
<record>
  <date>2019-05-23T20:01:23</date>
  <millis>1558656083997</millis>
  <sequence>45</sequence>
  <logger>main.java.com.northeastern.client.Client_TCP</logger>
  <level>WARNING</level>
  <class>main.java.com.northeastern.client.Client_TCP</class>
  <method>receiveOptionAndExecute</method>
  <thread>1</thread>
  <message>Error reading integer: null</message>
</record>
<record>
  <date>2019-05-23T20:01:23</date>
  <millis>1558656083997</millis>
  <sequence>46</sequence>
  <logger>main.java.com.northeastern.client.Client_TCP</logger>
  <level>WARNING</level>
  <class>main.java.com.northeastern.client.Client_TCP</class>
  <method>receiveOptionAndExecute</method>
  <thread>1</thread>
  <message>Invalid Option: 0entered.</message>
</record>
<record>
  <date>2019-05-23T20:01:23</date>
  <millis>1558656083998</millis>
  <sequence>47</sequence>
  <logger>main.java.com.northeastern.client.Client_TCP</logger>
  <level>WARNING</level>
  <class>main.java.com.northeastern.client.Client_TCP</class>
  <method>receiveOptionAndExecute</method>
  <thread>1</thread>
  <message>Error reading integer: null</message>
</record>
<record>
  <date>2019-05-23T20:01:23</date>
  <millis>1558656083998</millis>
  <sequence>48</sequence>
  <logger>main.java.com.northeastern.client.Client_TCP</logger>
  <level>WARNING</level>
  <class>main.java.com.northeastern.client.Client_TCP</class>
  <method>receiveOptionAndExecute</method>
  <thread>1</thread>
  <message>Invalid Option: 0entered.</message>
</record>
<record>
  <date>2019-05-23T20:01:23</date>
  <millis>1558656083999</millis>
  <sequence>49</sequence>
  <logger>main.java.com.northeastern.client.Client_TCP</logger>
  <level>WARNING</level>
  <class>main.java.com.northeastern.client.Client_TCP</class>
  <method>receiveOptionAndExecute</method>
  <thread>1</thread>
  <message>Error reading integer: null</message>
</record>
<record>
  <date>2019-05-23T20:01:23</date>
  <millis>1558656083999</millis>
  <sequence>50</sequence>
  <logger>main.java.com.northeastern.client.Client_TCP</logger>
  <level>WARNING</level>
  <class>main.java.com.northeastern.client.Client_TCP</class>
  <method>receiveOptionAndExecute</method>
  <thread>1</thread>
  <message>Invalid Option: 0entered.</message>
</record>
<record>
  <date>2019-05-23T20:01:23</date>
  <millis>1558656083999</millis>
  <sequence>51</sequence>
  <logger>main.java.com.northeastern.client.Client_TCP</logger>
  <level>WARNING</level>
  <class>main.java.com.northeastern.client.Client_TCP</class>
  <method>receiveOptionAndExecute</method>
  <thread>1</thread>
  <message>Error reading integer: null</message>
</record>
<record>
  <date>2019-05-23T20:01:23</date>
  <millis>1558656083999</millis>
  <sequence>52</sequence>
  <logger>main.java.com.northeastern.client.Client_TCP</logger>
  <level>WARNING</level>
  <class>main.java.com.northeastern.client.Client_TCP</class>
  <method>receiveOptionAndExecute</method>
  <thread>1</thread>
  <message>Invalid Option: 0entered.</message>
</record>
<record>
  <date>2019-05-23T20:01:24</date>
  <millis>1558656084000</millis>
  <sequence>53</sequence>
  <logger>main.java.com.northeastern.client.Client_TCP</logger>
  <level>WARNING</level>
  <class>main.java.com.northeastern.client.Client_TCP</class>
  <method>receiveOptionAndExecute</method>
  <thread>1</thread>
  <message>Error reading integer: null</message>
</record>
<record>
  <date>2019-05-23T20:01:24</date>
  <millis>1558656084000</millis>
  <sequence>54</sequence>
  <logger>main.java.com.northeastern.client.Client_TCP</logger>
  <level>WARNING</level>
  <class>main.java.com.northeastern.client.Client_TCP</class>
  <method>receiveOptionAndExecute</method>
  <thread>1</thread>
  <message>Invalid Option: 0entered.</message>
</record>
<record>
  <date>2019-05-23T20:01:24</date>
  <millis>1558656084001</millis>
  <sequence>55</sequence>
  <logger>main.java.com.northeastern.client.Client_TCP</logger>
  <level>WARNING</level>
  <class>main.java.com.northeastern.client.Client_TCP</class>
  <method>receiveOptionAndExecute</method>
  <thread>1</thread>
  <message>Error reading integer: null</message>
</record>
<record>
  <date>2019-05-23T20:01:24</date>
  <millis>1558656084001</millis>
  <sequence>56</sequence>
  <logger>main.java.com.northeastern.client.Client_TCP</logger>
  <level>WARNING</level>
  <class>main.java.com.northeastern.client.Client_TCP</class>
  <method>receiveOptionAndExecute</method>
  <thread>1</thread>
  <message>Invalid Option: 0entered.</message>
</record>
<record>
  <date>2019-05-23T20:01:24</date>
  <millis>1558656084001</millis>
  <sequence>57</sequence>
  <logger>main.java.com.northeastern.client.Client_TCP</logger>
  <level>WARNING</level>
  <class>main.java.com.northeastern.client.Client_TCP</class>
  <method>receiveOptionAndExecute</method>
  <thread>1</thread>
  <message>Error reading integer: null</message>
</record>
<record>
  <date>2019-05-23T20:01:24</date>
  <millis>1558656084001</millis>
  <sequence>58</sequence>
  <logger>main.java.com.northeastern.client.Client_TCP</logger>
  <level>WARNING</level>
  <class>main.java.com.northeastern.client.Client_TCP</class>
  <method>receiveOptionAndExecute</method>
  <thread>1</thread>
  <message>Invalid Option: 0entered.</message>
</record>
<record>
  <date>2019-05-23T20:01:24</date>
  <millis>1558656084002</millis>
  <sequence>59</sequence>
  <logger>main.java.com.northeastern.client.Client_TCP</logger>
  <level>WARNING</level>
  <class>main.java.com.northeastern.client.Client_TCP</class>
  <method>receiveOptionAndExecute</method>
  <thread>1</thread>
  <message>Error reading integer: null</message>
</record>
<record>
  <date>2019-05-23T20:01:24</date>
  <millis>1558656084002</millis>
  <sequence>60</sequence>
  <logger>main.java.com.northeastern.client.Client_TCP</logger>
  <level>WARNING</level>
  <class>main.java.com.northeastern.client.Client_TCP</class>
  <method>receiveOptionAndExecute</method>
  <thread>1</thread>
  <message>Invalid Option: 0entered.</message>
</record>
<record>
  <date>2019-05-23T20:01:24</date>
  <millis>1558656084002</millis>
  <sequence>61</sequence>
  <logger>main.java.com.northeastern.client.Client_TCP</logger>
  <level>WARNING</level>
  <class>main.java.com.northeastern.client.Client_TCP</class>
  <method>receiveOptionAndExecute</method>
  <thread>1</thread>
  <message>Error reading integer: null</message>
</record>
<record>
  <date>2019-05-23T20:01:24</date>
  <millis>1558656084003</millis>
  <sequence>62</sequence>
  <logger>main.java.com.northeastern.client.Client_TCP</logger>
  <level>WARNING</level>
  <class>main.java.com.northeastern.client.Client_TCP</class>
  <method>receiveOptionAndExecute</method>
  <thread>1</thread>
  <message>Invalid Option: 0entered.</message>
</record>
<record>
  <date>2019-05-23T20:01:24</date>
  <millis>1558656084003</millis>
  <sequence>63</sequence>
  <logger>main.java.com.northeastern.client.Client_TCP</logger>
  <level>WARNING</level>
  <class>main.java.com.northeastern.client.Client_TCP</class>
  <method>receiveOptionAndExecute</method>
  <thread>1</thread>
  <message>Error reading integer: null</message>
</record>
<record>
  <date>2019-05-23T20:01:24</date>
  <millis>1558656084003</millis>
  <sequence>64</sequence>
  <logger>main.java.com.northeastern.client.Client_TCP</logger>
  <level>WARNING</level>
  <class>main.java.com.northeastern.client.Client_TCP</class>
  <method>receiveOptionAndExecute</method>
  <thread>1</thread>
  <message>Invalid Option: 0entered.</message>
</record>
<record>
  <date>2019-05-23T20:01:24</date>
  <millis>1558656084004</millis>
  <sequence>65</sequence>
  <logger>main.java.com.northeastern.client.Client_TCP</logger>
  <level>WARNING</level>
  <class>main.java.com.northeastern.client.Client_TCP</class>
  <method>receiveOptionAndExecute</method>
  <thread>1</thread>
  <message>Error reading integer: null</message>
</record>
<record>
  <date>2019-05-23T20:01:24</date>
  <millis>1558656084004</millis>
  <sequence>66</sequence>
  <logger>main.java.com.northeastern.client.Client_TCP</logger>
  <level>WARNING</level>
  <class>main.java.com.northeastern.client.Client_TCP</class>
  <method>receiveOptionAndExecute</method>
  <thread>1</thread>
  <message>Invalid Option: 0entered.</message>
</record>
<record>
  <date>2019-05-23T20:01:24</date>
  <millis>1558656084004</millis>
  <sequence>67</sequence>
  <logger>main.java.com.northeastern.client.Client_TCP</logger>
  <level>WARNING</level>
  <class>main.java.com.northeastern.client.Client_TCP</class>
  <method>receiveOptionAndExecute</method>
  <thread>1</thread>
  <message>Error reading integer: null</message>
</record>
<record>
  <date>2019-05-23T20:01:24</date>
  <millis>1558656084004</millis>
  <sequence>68</sequence>
  <logger>main.java.com.northeastern.client.Client_TCP</logger>
  <level>WARNING</level>
  <class>main.java.com.northeastern.client.Client_TCP</class>
  <method>receiveOptionAndExecute</method>
  <thread>1</thread>
  <message>Invalid Option: 0entered.</message>
</record>
<record>
  <date>2019-05-23T20:01:24</date>
  <millis>1558656084005</millis>
  <sequence>69</sequence>
  <logger>main.java.com.northeastern.client.Client_TCP</logger>
  <level>WARNING</level>
  <class>main.java.com.northeastern.client.Client_TCP</class>
  <method>receiveOptionAndExecute</method>
  <thread>1</thread>
  <message>Error reading integer: null</message>
</record>
<record>
  <date>2019-05-23T20:01:24</date>
  <millis>1558656084005</millis>
  <sequence>70</sequence>
  <logger>main.java.com.northeastern.client.Client_TCP</logger>
  <level>WARNING</level>
  <class>main.java.com.northeastern.client.Client_TCP</class>
  <method>receiveOptionAndExecute</method>
  <thread>1</thread>
  <message>Invalid Option: 0entered.</message>
</record>
<record>
  <date>2019-05-23T20:01:24</date>
  <millis>1558656084005</millis>
  <sequence>71</sequence>
  <logger>main.java.com.northeastern.client.Client_TCP</logger>
  <level>WARNING</level>
  <class>main.java.com.northeastern.client.Client_TCP</class>
  <method>receiveOptionAndExecute</method>
  <thread>1</thread>
  <message>Error reading integer: null</message>
</record>
<record>
  <date>2019-05-23T20:01:24</date>
  <millis>1558656084005</millis>
  <sequence>72</sequence>
  <logger>main.java.com.northeastern.client.Client_TCP</logger>
  <level>WARNING</level>
  <class>main.java.com.northeastern.client.Client_TCP</class>
  <method>receiveOptionAndExecute</method>
  <thread>1</thread>
  <message>Invalid Option: 0entered.</message>
</record>
<record>
  <date>2019-05-23T20:01:24</date>
  <millis>1558656084006</millis>
  <sequence>73</sequence>
  <logger>main.java.com.northeastern.client.Client_TCP</logger>
  <level>WARNING</level>
  <class>main.java.com.northeastern.client.Client_TCP</class>
  <method>receiveOptionAndExecute</method>
  <thread>1</thread>
  <message>Error reading integer: null</message>
</record>
<record>
  <date>2019-05-23T20:01:24</date>
  <millis>1558656084006</millis>
  <sequence>74</sequence>
  <logger>main.java.com.northeastern.client.Client_TCP</logger>
  <level>WARNING</level>
  <class>main.java.com.northeastern.client.Client_TCP</class>
  <method>receiveOptionAndExecute</method>
  <thread>1</thread>
  <message>Invalid Option: 0entered.</message>
</record>
<record>
  <date>2019-05-23T20:01:24</date>
  <millis>1558656084006</millis>
  <sequence>75</sequence>
  <logger>main.java.com.northeastern.client.Client_TCP</logger>
  <level>WARNING</level>
  <class>main.java.com.northeastern.client.Client_TCP</class>
  <method>receiveOptionAndExecute</method>
  <thread>1</thread>
  <message>Error reading integer: null</message>
</record>
<record>
  <date>2019-05-23T20:01:24</date>
  <millis>1558656084007</millis>
  <sequence>76</sequence>
  <logger>main.java.com.northeastern.client.Client_TCP</logger>
  <level>WARNING</level>
  <class>main.java.com.northeastern.client.Client_TCP</class>
  <method>receiveOptionAndExecute</method>
  <thread>1</thread>
  <message>Invalid Option: 0entered.</message>
</record>
<record>
  <date>2019-05-23T20:01:24</date>
  <millis>1558656084007</millis>
  <sequence>77</sequence>
  <logger>main.java.com.northeastern.client.Client_TCP</logger>
  <level>WARNING</level>
  <class>main.java.com.northeastern.client.Client_TCP</class>
  <method>receiveOptionAndExecute</method>
  <thread>1</thread>
  <message>Error reading integer: null</message>
</record>
<record>
  <date>2019-05-23T20:01:24</date>
  <millis>1558656084007</millis>
  <sequence>78</sequence>
  <logger>main.java.com.northeastern.client.Client_TCP</logger>
  <level>WARNING</level>
  <class>main.java.com.northeastern.client.Client_TCP</class>
  <method>receiveOptionAndExecute</method>
  <thread>1</thread>
  <message>Invalid Option: 0entered.</message>
</record>
<record>
  <date>2019-05-23T20:01:24</date>
  <millis>1558656084008</millis>
  <sequence>79</sequence>
  <logger>main.java.com.northeastern.client.Client_TCP</logger>
  <level>WARNING</level>
  <class>main.java.com.northeastern.client.Client_TCP</class>
  <method>receiveOptionAndExecute</method>
  <thread>1</thread>
  <message>Error reading integer: null</message>
</record>
<record>
  <date>2019-05-23T20:01:24</date>
  <millis>1558656084008</millis>
  <sequence>80</sequence>
  <logger>main.java.com.northeastern.client.Client_TCP</logger>
  <level>WARNING</level>
  <class>main.java.com.northeastern.client.Client_TCP</class>
  <method>receiveOptionAndExecute</method>
  <thread>1</thread>
  <message>Invalid Option: 0entered.</message>
</record>
<record>
  <date>2019-05-23T20:01:24</date>
  <millis>1558656084008</millis>
  <sequence>81</sequence>
  <logger>main.java.com.northeastern.client.Client_TCP</logger>
  <level>WARNING</level>
  <class>main.java.com.northeastern.client.Client_TCP</class>
  <method>receiveOptionAndExecute</method>
  <thread>1</thread>
  <message>Error reading integer: null</message>
</record>
<record>
  <date>2019-05-23T20:01:24</date>
  <millis>1558656084008</millis>
  <sequence>82</sequence>
  <logger>main.java.com.northeastern.client.Client_TCP</logger>
  <level>WARNING</level>
  <class>main.java.com.northeastern.client.Client_TCP</class>
  <method>receiveOptionAndExecute</method>
  <thread>1</thread>
  <message>Invalid Option: 0entered.</message>
</record>
<record>
  <date>2019-05-23T20:01:24</date>
  <millis>1558656084009</millis>
  <sequence>83</sequence>
  <logger>main.java.com.northeastern.client.Client_TCP</logger>
  <level>WARNING</level>
  <class>main.java.com.northeastern.client.Client_TCP</class>
  <method>receiveOptionAndExecute</method>
  <thread>1</thread>
  <message>Error reading integer: null</message>
</record>
<record>
  <date>2019-05-23T20:01:24</date>
  <millis>1558656084009</millis>
  <sequence>84</sequence>
  <logger>main.java.com.northeastern.client.Client_TCP</logger>
  <level>WARNING</level>
  <class>main.java.com.northeastern.client.Client_TCP</class>
  <method>receiveOptionAndExecute</method>
  <thread>1</thread>
  <message>Invalid Option: 0entered.</message>
</record>
<record>
  <date>2019-05-23T20:01:24</date>
  <millis>1558656084009</millis>
  <sequence>85</sequence>
  <logger>main.java.com.northeastern.client.Client_TCP</logger>
  <level>WARNING</level>
  <class>main.java.com.northeastern.client.Client_TCP</class>
  <method>receiveOptionAndExecute</method>
  <thread>1</thread>
  <message>Error reading integer: null</message>
</record>
<record>
  <date>2019-05-23T20:01:24</date>
  <millis>1558656084009</millis>
  <sequence>86</sequence>
  <logger>main.java.com.northeastern.client.Client_TCP</logger>
  <level>WARNING</level>
  <class>main.java.com.northeastern.client.Client_TCP</class>
  <method>receiveOptionAndExecute</method>
  <thread>1</thread>
  <message>Invalid Option: 0entered.</message>
</record>
<record>
  <date>2019-05-23T20:01:24</date>
  <millis>1558656084010</millis>
  <sequence>87</sequence>
  <logger>main.java.com.northeastern.client.Client_TCP</logger>
  <level>WARNING</level>
  <class>main.java.com.northeastern.client.Client_TCP</class>
  <method>receiveOptionAndExecute</method>
  <thread>1</thread>
  <message>Error reading integer: null</message>
</record>
<record>
  <date>2019-05-23T20:01:24</date>
  <millis>1558656084010</millis>
  <sequence>88</sequence>
  <logger>main.java.com.northeastern.client.Client_TCP</logger>
  <level>WARNING</level>
  <class>main.java.com.northeastern.client.Client_TCP</class>
  <method>receiveOptionAndExecute</method>
  <thread>1</thread>
  <message>Invalid Option: 0entered.</message>
</record>
<record>
  <date>2019-05-23T20:01:24</date>
  <millis>1558656084010</millis>
  <sequence>89</sequence>
  <logger>main.java.com.northeastern.client.Client_TCP</logger>
  <level>WARNING</level>
  <class>main.java.com.northeastern.client.Client_TCP</class>
  <method>receiveOptionAndExecute</method>
  <thread>1</thread>
  <message>Error reading integer: null</message>
</record>
<record>
  <date>2019-05-23T20:01:24</date>
  <millis>1558656084010</millis>
  <sequence>90</sequence>
  <logger>main.java.com.northeastern.client.Client_TCP</logger>
  <level>WARNING</level>
  <class>main.java.com.northeastern.client.Client_TCP</class>
  <method>receiveOptionAndExecute</method>
  <thread>1</thread>
  <message>Invalid Option: 0entered.</message>
</record>
<record>
  <date>2019-05-23T20:01:24</date>
  <millis>1558656084011</millis>
  <sequence>91</sequence>
  <logger>main.java.com.northeastern.client.Client_TCP</logger>
  <level>WARNING</level>
  <class>main.java.com.northeastern.client.Client_TCP</class>
  <method>receiveOptionAndExecute</method>
  <thread>1</thread>
  <message>Error reading integer: null</message>
</record>
<record>
  <date>2019-05-23T20:01:24</date>
  <millis>1558656084011</millis>
  <sequence>92</sequence>
  <logger>main.java.com.northeastern.client.Client_TCP</logger>
  <level>WARNING</level>
  <class>main.java.com.northeastern.client.Client_TCP</class>
  <method>receiveOptionAndExecute</method>
  <thread>1</thread>
  <message>Invalid Option: 0entered.</message>
</record>
<record>
  <date>2019-05-23T20:01:24</date>
  <millis>1558656084011</millis>
  <sequence>93</sequence>
  <logger>main.java.com.northeastern.client.Client_TCP</logger>
  <level>WARNING</level>
  <class>main.java.com.northeastern.client.Client_TCP</class>
  <method>receiveOptionAndExecute</method>
  <thread>1</thread>
  <message>Error reading integer: null</message>
</record>
<record>
  <date>2019-05-23T20:01:24</date>
  <millis>1558656084011</millis>
  <sequence>94</sequence>
  <logger>main.java.com.northeastern.client.Client_TCP</logger>
  <level>WARNING</level>
  <class>main.java.com.northeastern.client.Client_TCP</class>
  <method>receiveOptionAndExecute</method>
  <thread>1</thread>
  <message>Invalid Option: 0entered.</message>
</record>
<record>
  <date>2019-05-23T20:01:24</date>
  <millis>1558656084012</millis>
  <sequence>95</sequence>
  <logger>main.java.com.northeastern.client.Client_TCP</logger>
  <level>WARNING</level>
  <class>main.java.com.northeastern.client.Client_TCP</class>
  <method>receiveOptionAndExecute</method>
  <thread>1</thread>
  <message>Error reading integer: null</message>
</record>
<record>
  <date>2019-05-23T20:01:24</date>
  <millis>1558656084012</millis>
  <sequence>96</sequence>
  <logger>main.java.com.northeastern.client.Client_TCP</logger>
  <level>WARNING</level>
  <class>main.java.com.northeastern.client.Client_TCP</class>
  <method>receiveOptionAndExecute</method>
  <thread>1</thread>
  <message>Invalid Option: 0entered.</message>
</record>
<record>
  <date>2019-05-23T20:01:24</date>
  <millis>1558656084012</millis>
  <sequence>97</sequence>
  <logger>main.java.com.northeastern.client.Client_TCP</logger>
  <level>WARNING</level>
  <class>main.java.com.northeastern.client.Client_TCP</class>
  <method>receiveOptionAndExecute</method>
  <thread>1</thread>
  <message>Error reading integer: null</message>
</record>
<record>
  <date>2019-05-23T20:01:24</date>
  <millis>1558656084012</millis>
  <sequence>98</sequence>
  <logger>main.java.com.northeastern.client.Client_TCP</logger>
  <level>WARNING</level>
  <class>main.java.com.northeastern.client.Client_TCP</class>
  <method>receiveOptionAndExecute</method>
  <thread>1</thread>
  <message>Invalid Option: 0entered.</message>
</record>
<record>
  <date>2019-05-23T20:01:24</date>
  <millis>1558656084013</millis>
  <sequence>99</sequence>
  <logger>main.java.com.northeastern.client.Client_TCP</logger>
  <level>WARNING</level>
  <class>main.java.com.northeastern.client.Client_TCP</class>
  <method>receiveOptionAndExecute</method>
  <thread>1</thread>
  <message>Error reading integer: null</message>
</record>
<record>
  <date>2019-05-23T20:01:24</date>
  <millis>1558656084013</millis>
  <sequence>100</sequence>
  <logger>main.java.com.northeastern.client.Client_TCP</logger>
  <level>WARNING</level>
  <class>main.java.com.northeastern.client.Client_TCP</class>
  <method>receiveOptionAndExecute</method>
  <thread>1</thread>
  <message>Invalid Option: 0entered.</message>
</record>
<record>
  <date>2019-05-23T20:01:24</date>
  <millis>1558656084013</millis>
  <sequence>101</sequence>
  <logger>main.java.com.northeastern.client.Client_TCP</logger>
  <level>WARNING</level>
  <class>main.java.com.northeastern.client.Client_TCP</class>
  <method>receiveOptionAndExecute</method>
  <thread>1</thread>
  <message>Error reading integer: null</message>
</record>
<record>
  <date>2019-05-23T20:01:24</date>
  <millis>1558656084013</millis>
  <sequence>102</sequence>
  <logger>main.java.com.northeastern.client.Client_TCP</logger>
  <level>WARNING</level>
  <class>main.java.com.northeastern.client.Client_TCP</class>
  <method>receiveOptionAndExecute</method>
  <thread>1</thread>
  <message>Invalid Option: 0entered.</message>
</record>
<record>
  <date>2019-05-23T20:01:24</date>
  <millis>1558656084014</millis>
  <sequence>103</sequence>
  <logger>main.java.com.northeastern.client.Client_TCP</logger>
  <level>WARNING</level>
  <class>main.java.com.northeastern.client.Client_TCP</class>
  <method>receiveOptionAndExecute</method>
  <thread>1</thread>
  <message>Error reading integer: null</message>
</record>
<record>
  <date>2019-05-23T20:01:24</date>
  <millis>1558656084014</millis>
  <sequence>104</sequence>
  <logger>main.java.com.northeastern.client.Client_TCP</logger>
  <level>WARNING</level>
  <class>main.java.com.northeastern.client.Client_TCP</class>
  <method>receiveOptionAndExecute</method>
  <thread>1</thread>
  <message>Invalid Option: 0entered.</message>
</record>
<record>
  <date>2019-05-23T20:01:24</date>
  <millis>1558656084014</millis>
  <sequence>105</sequence>
  <logger>main.java.com.northeastern.client.Client_TCP</logger>
  <level>WARNING</level>
  <class>main.java.com.northeastern.client.Client_TCP</class>
  <method>receiveOptionAndExecute</method>
  <thread>1</thread>
  <message>Error reading integer: null</message>
</record>
<record>
  <date>2019-05-23T20:01:24</date>
  <millis>1558656084014</millis>
  <sequence>106</sequence>
  <logger>main.java.com.northeastern.client.Client_TCP</logger>
  <level>WARNING</level>
  <class>main.java.com.northeastern.client.Client_TCP</class>
  <method>receiveOptionAndExecute</method>
  <thread>1</thread>
  <message>Invalid Option: 0entered.</message>
</record>
<record>
  <date>2019-05-23T20:01:24</date>
  <millis>1558656084015</millis>
  <sequence>107</sequence>
  <logger>main.java.com.northeastern.client.Client_TCP</logger>
  <level>WARNING</level>
  <class>main.java.com.northeastern.client.Client_TCP</class>
  <method>receiveOptionAndExecute</method>
  <thread>1</thread>
  <message>Error reading integer: null</message>
</record>
<record>
  <date>2019-05-23T20:01:24</date>
  <millis>1558656084015</millis>
  <sequence>108</sequence>
  <logger>main.java.com.northeastern.client.Client_TCP</logger>
  <level>WARNING</level>
  <class>main.java.com.northeastern.client.Client_TCP</class>
  <method>receiveOptionAndExecute</method>
  <thread>1</thread>
  <message>Invalid Option: 0entered.</message>
</record>
<record>
  <date>2019-05-23T20:01:24</date>
  <millis>1558656084015</millis>
  <sequence>109</sequence>
  <logger>main.java.com.northeastern.client.Client_TCP</logger>
  <level>WARNING</level>
  <class>main.java.com.northeastern.client.Client_TCP</class>
  <method>receiveOptionAndExecute</method>
  <thread>1</thread>
  <message>Error reading integer: null</message>
</record>
<record>
  <date>2019-05-23T20:01:24</date>
  <millis>1558656084015</millis>
  <sequence>110</sequence>
  <logger>main.java.com.northeastern.client.Client_TCP</logger>
  <level>WARNING</level>
  <class>main.java.com.northeastern.client.Client_TCP</class>
  <method>receiveOptionAndExecute</method>
  <thread>1</thread>
  <message>Invalid Option: 0entered.</message>
</record>
<record>
  <date>2019-05-23T20:01:24</date>
  <millis>1558656084017</millis>
  <sequence>111</sequence>
  <logger>main.java.com.northeastern.client.Client_TCP</logger>
  <level>WARNING</level>
  <class>main.java.com.northeastern.client.Client_TCP</class>
  <method>receiveOptionAndExecute</method>
  <thread>1</thread>
  <message>Error reading integer: null</message>
</record>
<record>
  <date>2019-05-23T20:01:24</date>
  <millis>1558656084017</millis>
  <sequence>112</sequence>
  <logger>main.java.com.northeastern.client.Client_TCP</logger>
  <level>WARNING</level>
  <class>main.java.com.northeastern.client.Client_TCP</class>
  <method>receiveOptionAndExecute</method>
  <thread>1</thread>
  <message>Invalid Option: 0entered.</message>
</record>
<record>
  <date>2019-05-23T20:01:24</date>
  <millis>1558656084018</millis>
  <sequence>113</sequence>
  <logger>main.java.com.northeastern.client.Client_TCP</logger>
  <level>WARNING</level>
  <class>main.java.com.northeastern.client.Client_TCP</class>
  <method>receiveOptionAndExecute</method>
  <thread>1</thread>
  <message>Error reading integer: null</message>
</record>
<record>
  <date>2019-05-23T20:01:24</date>
  <millis>1558656084018</millis>
  <sequence>114</sequence>
  <logger>main.java.com.northeastern.client.Client_TCP</logger>
  <level>WARNING</level>
  <class>main.java.com.northeastern.client.Client_TCP</class>
  <method>receiveOptionAndExecute</method>
  <thread>1</thread>
  <message>Invalid Option: 0entered.</message>
</record>
<record>
  <date>2019-05-23T20:01:24</date>
  <millis>1558656084018</millis>
  <sequence>115</sequence>
  <logger>main.java.com.northeastern.client.Client_TCP</logger>
  <level>WARNING</level>
  <class>main.java.com.northeastern.client.Client_TCP</class>
  <method>receiveOptionAndExecute</method>
  <thread>1</thread>
  <message>Error reading integer: null</message>
</record>
<record>
  <date>2019-05-23T20:01:24</date>
  <millis>1558656084019</millis>
  <sequence>116</sequence>
  <logger>main.java.com.northeastern.client.Client_TCP</logger>
  <level>WARNING</level>
  <class>main.java.com.northeastern.client.Client_TCP</class>
  <method>receiveOptionAndExecute</method>
  <thread>1</thread>
  <message>Invalid Option: 0entered.</message>
</record>
<record>
  <date>2019-05-23T20:01:24</date>
  <millis>1558656084019</millis>
  <sequence>117</sequence>
  <logger>main.java.com.northeastern.client.Client_TCP</logger>
  <level>WARNING</level>
  <class>main.java.com.northeastern.client.Client_TCP</class>
  <method>receiveOptionAndExecute</method>
  <thread>1</thread>
  <message>Error reading integer: null</message>
</record>
<record>
  <date>2019-05-23T20:01:24</date>
  <millis>1558656084019</millis>
  <sequence>118</sequence>
  <logger>main.java.com.northeastern.client.Client_TCP</logger>
  <level>WARNING</level>
  <class>main.java.com.northeastern.client.Client_TCP</class>
  <method>receiveOptionAndExecute</method>
  <thread>1</thread>
  <message>Invalid Option: 0entered.</message>
</record>
<record>
  <date>2019-05-23T20:01:24</date>
  <millis>1558656084019</millis>
  <sequence>119</sequence>
  <logger>main.java.com.northeastern.client.Client_TCP</logger>
  <level>WARNING</level>
  <class>main.java.com.northeastern.client.Client_TCP</class>
  <method>receiveOptionAndExecute</method>
  <thread>1</thread>
  <message>Error reading integer: null</message>
</record>
<record>
  <date>2019-05-23T20:01:24</date>
  <millis>1558656084019</millis>
  <sequence>120</sequence>
  <logger>main.java.com.northeastern.client.Client_TCP</logger>
  <level>WARNING</level>
  <class>main.java.com.northeastern.client.Client_TCP</class>
  <method>receiveOptionAndExecute</method>
  <thread>1</thread>
  <message>Invalid Option: 0entered.</message>
</record>
<record>
  <date>2019-05-23T20:01:24</date>
  <millis>1558656084020</millis>
  <sequence>121</sequence>
  <logger>main.java.com.northeastern.client.Client_TCP</logger>
  <level>WARNING</level>
  <class>main.java.com.northeastern.client.Client_TCP</class>
  <method>receiveOptionAndExecute</method>
  <thread>1</thread>
  <message>Error reading integer: null</message>
</record>
<record>
  <date>2019-05-23T20:01:24</date>
  <millis>1558656084020</millis>
  <sequence>122</sequence>
  <logger>main.java.com.northeastern.client.Client_TCP</logger>
  <level>WARNING</level>
  <class>main.java.com.northeastern.client.Client_TCP</class>
  <method>receiveOptionAndExecute</method>
  <thread>1</thread>
  <message>Invalid Option: 0entered.</message>
</record>
<record>
  <date>2019-05-23T20:01:24</date>
  <millis>1558656084020</millis>
  <sequence>123</sequence>
  <logger>main.java.com.northeastern.client.Client_TCP</logger>
  <level>WARNING</level>
  <class>main.java.com.northeastern.client.Client_TCP</class>
  <method>receiveOptionAndExecute</method>
  <thread>1</thread>
  <message>Error reading integer: null</message>
</record>
<record>
  <date>2019-05-23T20:01:24</date>
  <millis>1558656084021</millis>
  <sequence>124</sequence>
  <logger>main.java.com.northeastern.client.Client_TCP</logger>
  <level>WARNING</level>
  <class>main.java.com.northeastern.client.Client_TCP</class>
  <method>receiveOptionAndExecute</method>
  <thread>1</thread>
  <message>Invalid Option: 0entered.</message>
</record>
<record>
  <date>2019-05-23T20:01:24</date>
  <millis>1558656084021</millis>
  <sequence>125</sequence>
  <logger>main.java.com.northeastern.client.Client_TCP</logger>
  <level>WARNING</level>
  <class>main.java.com.northeastern.client.Client_TCP</class>
  <method>receiveOptionAndExecute</method>
  <thread>1</thread>
  <message>Error reading integer: null</message>
</record>
<record>
  <date>2019-05-23T20:01:24</date>
  <millis>1558656084021</millis>
  <sequence>126</sequence>
  <logger>main.java.com.northeastern.client.Client_TCP</logger>
  <level>WARNING</level>
  <class>main.java.com.northeastern.client.Client_TCP</class>
  <method>receiveOptionAndExecute</method>
  <thread>1</thread>
  <message>Invalid Option: 0entered.</message>
</record>
<record>
  <date>2019-05-23T20:01:24</date>
  <millis>1558656084021</millis>
  <sequence>127</sequence>
  <logger>main.java.com.northeastern.client.Client_TCP</logger>
  <level>WARNING</level>
  <class>main.java.com.northeastern.client.Client_TCP</class>
  <method>receiveOptionAndExecute</method>
  <thread>1</thread>
  <message>Error reading integer: null</message>
</record>
<record>
  <date>2019-05-23T20:01:24</date>
  <millis>1558656084022</millis>
  <sequence>128</sequence>
  <logger>main.java.com.northeastern.client.Client_TCP</logger>
  <level>WARNING</level>
  <class>main.java.com.northeastern.client.Client_TCP</class>
  <method>receiveOptionAndExecute</method>
  <thread>1</thread>
  <message>Invalid Option: 0entered.</message>
</record>
<record>
  <date>2019-05-23T20:01:24</date>
  <millis>1558656084022</millis>
  <sequence>129</sequence>
  <logger>main.java.com.northeastern.client.Client_TCP</logger>
  <level>WARNING</level>
  <class>main.java.com.northeastern.client.Client_TCP</class>
  <method>receiveOptionAndExecute</method>
  <thread>1</thread>
  <message>Error reading integer: null</message>
</record>
<record>
  <date>2019-05-23T20:01:24</date>
  <millis>1558656084022</millis>
  <sequence>130</sequence>
  <logger>main.java.com.northeastern.client.Client_TCP</logger>
  <level>WARNING</level>
  <class>main.java.com.northeastern.client.Client_TCP</class>
  <method>receiveOptionAndExecute</method>
  <thread>1</thread>
  <message>Invalid Option: 0entered.</message>
</record>
<record>
  <date>2019-05-23T20:01:24</date>
  <millis>1558656084022</millis>
  <sequence>131</sequence>
  <logger>main.java.com.northeastern.client.Client_TCP</logger>
  <level>WARNING</level>
  <class>main.java.com.northeastern.client.Client_TCP</class>
  <method>receiveOptionAndExecute</method>
  <thread>1</thread>
  <message>Error reading integer: null</message>
</record>
<record>
  <date>2019-05-23T20:01:24</date>
  <millis>1558656084022</millis>
  <sequence>132</sequence>
  <logger>main.java.com.northeastern.client.Client_TCP</logger>
  <level>WARNING</level>
  <class>main.java.com.northeastern.client.Client_TCP</class>
  <method>receiveOptionAndExecute</method>
  <thread>1</thread>
  <message>Invalid Option: 0entered.</message>
</record>
<record>
  <date>2019-05-23T20:01:24</date>
  <millis>1558656084023</millis>
  <sequence>133</sequence>
  <logger>main.java.com.northeastern.client.Client_TCP</logger>
  <level>WARNING</level>
  <class>main.java.com.northeastern.client.Client_TCP</class>
  <method>receiveOptionAndExecute</method>
  <thread>1</thread>
  <message>Error reading integer: null</message>
</record>
<record>
  <date>2019-05-23T20:01:24</date>
  <millis>1558656084023</millis>
  <sequence>134</sequence>
  <logger>main.java.com.northeastern.client.Client_TCP</logger>
  <level>WARNING</level>
  <class>main.java.com.northeastern.client.Client_TCP</class>
  <method>receiveOptionAndExecute</method>
  <thread>1</thread>
  <message>Invalid Option: 0entered.</message>
</record>
<record>
  <date>2019-05-23T20:01:24</date>
  <millis>1558656084023</millis>
  <sequence>135</sequence>
  <logger>main.java.com.northeastern.client.Client_TCP</logger>
  <level>WARNING</level>
  <class>main.java.com.northeastern.client.Client_TCP</class>
  <method>receiveOptionAndExecute</method>
  <thread>1</thread>
  <message>Error reading integer: null</message>
</record>
<record>
  <date>2019-05-23T20:01:24</date>
  <millis>1558656084023</millis>
  <sequence>136</sequence>
  <logger>main.java.com.northeastern.client.Client_TCP</logger>
  <level>WARNING</level>
  <class>main.java.com.northeastern.client.Client_TCP</class>
  <method>receiveOptionAndExecute</method>
  <thread>1</thread>
  <message>Invalid Option: 0entered.</message>
</record>
<record>
  <date>2019-05-23T20:01:24</date>
  <millis>1558656084024</millis>
  <sequence>137</sequence>
  <logger>main.java.com.northeastern.client.Client_TCP</logger>
  <level>WARNING</level>
  <class>main.java.com.northeastern.client.Client_TCP</class>
  <method>receiveOptionAndExecute</method>
  <thread>1</thread>
  <message>Error reading integer: null</message>
</record>
<record>
  <date>2019-05-23T20:01:24</date>
  <millis>1558656084024</millis>
  <sequence>138</sequence>
  <logger>main.java.com.northeastern.client.Client_TCP</logger>
  <level>WARNING</level>
  <class>main.java.com.northeastern.client.Client_TCP</class>
  <method>receiveOptionAndExecute</method>
  <thread>1</thread>
  <message>Invalid Option: 0entered.</message>
</record>
<record>
  <date>2019-05-23T20:01:24</date>
  <millis>1558656084024</millis>
  <sequence>139</sequence>
  <logger>main.java.com.northeastern.client.Client_TCP</logger>
  <level>WARNING</level>
  <class>main.java.com.northeastern.client.Client_TCP</class>
  <method>receiveOptionAndExecute</method>
  <thread>1</thread>
  <message>Error reading integer: null</message>
</record>
<record>
  <date>2019-05-23T20:01:24</date>
  <millis>1558656084024</millis>
  <sequence>140</sequence>
  <logger>main.java.com.northeastern.client.Client_TCP</logger>
  <level>WARNING</level>
  <class>main.java.com.northeastern.client.Client_TCP</class>
  <method>receiveOptionAndExecute</method>
  <thread>1</thread>
  <message>Invalid Option: 0entered.</message>
</record>
<record>
  <date>2019-05-23T20:01:24</date>
  <millis>1558656084024</millis>
  <sequence>141</sequence>
  <logger>main.java.com.northeastern.client.Client_TCP</logger>
  <level>WARNING</level>
  <class>main.java.com.northeastern.client.Client_TCP</class>
  <method>receiveOptionAndExecute</method>
  <thread>1</thread>
  <message>Error reading integer: null</message>
</record>
<record>
  <date>2019-05-23T20:01:24</date>
  <millis>1558656084024</millis>
  <sequence>142</sequence>
  <logger>main.java.com.northeastern.client.Client_TCP</logger>
  <level>WARNING</level>
  <class>main.java.com.northeastern.client.Client_TCP</class>
  <method>receiveOptionAndExecute</method>
  <thread>1</thread>
  <message>Invalid Option: 0entered.</message>
</record>
<record>
  <date>2019-05-23T20:01:24</date>
  <millis>1558656084025</millis>
  <sequence>143</sequence>
  <logger>main.java.com.northeastern.client.Client_TCP</logger>
  <level>WARNING</level>
  <class>main.java.com.northeastern.client.Client_TCP</class>
  <method>receiveOptionAndExecute</method>
  <thread>1</thread>
  <message>Error reading integer: null</message>
</record>
<record>
  <date>2019-05-23T20:01:24</date>
  <millis>1558656084025</millis>
  <sequence>144</sequence>
  <logger>main.java.com.northeastern.client.Client_TCP</logger>
  <level>WARNING</level>
  <class>main.java.com.northeastern.client.Client_TCP</class>
  <method>receiveOptionAndExecute</method>
  <thread>1</thread>
  <message>Invalid Option: 0entered.</message>
</record>
<record>
  <date>2019-05-23T20:01:24</date>
  <millis>1558656084025</millis>
  <sequence>145</sequence>
  <logger>main.java.com.northeastern.client.Client_TCP</logger>
  <level>WARNING</level>
  <class>main.java.com.northeastern.client.Client_TCP</class>
  <method>receiveOptionAndExecute</method>
  <thread>1</thread>
  <message>Error reading integer: null</message>
</record>
<record>
  <date>2019-05-23T20:01:24</date>
  <millis>1558656084025</millis>
  <sequence>146</sequence>
  <logger>main.java.com.northeastern.client.Client_TCP</logger>
  <level>WARNING</level>
  <class>main.java.com.northeastern.client.Client_TCP</class>
  <method>receiveOptionAndExecute</method>
  <thread>1</thread>
  <message>Invalid Option: 0entered.</message>
</record>
</log>
