<?xml version="1.0" encoding="UTF-8" standalone="no"?>
<!DOCTYPE log SYSTEM "logger.dtd">
<log>
<record>
  <date>2019-05-04T20:21:47</date>
  <millis>1557015707484</millis>
  <sequence>0</sequence>
  <logger>main.java.com.northeastern.client.Client_TCP</logger>
  <level>INFO</level>
  <class>main.java.com.northeastern.client.Client_TCP</class>
  <method>createSocket</method>
  <thread>1</thread>
  <message>Client socket created successfully for the server address: 127.0.0.1 and portNumber: 10001</message>
</record>
<record>
  <date>2019-05-04T20:21:55</date>
  <millis>1557015715675</millis>
  <sequence>1</sequence>
  <logger>main.java.com.northeastern.client.Client_TCP</logger>
  <level>INFO</level>
  <class>main.java.com.northeastern.client.Client_TCP</class>
  <method>main</method>
  <thread>1</thread>
  <message>Data which is to be sent to the server successfully read.</message>
</record>
<record>
  <date>2019-05-04T20:21:55</date>
  <millis>1557015715678</millis>
  <sequence>2</sequence>
  <logger>main.java.com.northeastern.client.Client_TCP</logger>
  <level>INFO</level>
  <class>main.java.com.northeastern.client.Client_TCP</class>
  <method>main</method>
  <thread>1</thread>
  <message>Data: Hello World, is sent to the server.</message>
</record>
<record>
  <date>2019-05-04T20:21:55</date>
  <millis>1557015715680</millis>
  <sequence>3</sequence>
  <logger>main.java.com.northeastern.client.Client_TCP</logger>
  <level>INFO</level>
  <class>main.java.com.northeastern.client.Client_TCP</class>
  <method>main</method>
  <thread>1</thread>
  <message>Data sent by the server matches.</message>
</record>
</log>
